{"C:\\Users\\Mark Harji Mating\\Documents\\coding-exam\\computations.js": {"path":"C:\\Users\\Mark Harji Mating\\Documents\\coding-exam\\computations.js","statementMap":{"0":{"start":{"line":1,"column":11},"end":{"line":1,"column":24}},"1":{"start":{"line":2,"column":25},"end":{"line":2,"column":46}},"2":{"start":{"line":3,"column":90},"end":{"line":3,"column":113}},"3":{"start":{"line":5,"column":27},"end":{"line":5,"column":29}},"4":{"start":{"line":7,"column":33},"end":{"line":16,"column":1}},"5":{"start":{"line":9,"column":4},"end":{"line":11,"column":5}},"6":{"start":{"line":10,"column":8},"end":{"line":10,"column":64}},"7":{"start":{"line":14,"column":18},"end":{"line":14,"column":43}},"8":{"start":{"line":15,"column":4},"end":{"line":15,"column":31}},"9":{"start":{"line":18,"column":27},"end":{"line":22,"column":1}},"10":{"start":{"line":19,"column":57},"end":{"line":19,"column":69}},"11":{"start":{"line":20,"column":23},"end":{"line":20,"column":42}},"12":{"start":{"line":21,"column":4},"end":{"line":21,"column":72}},"13":{"start":{"line":24,"column":31},"end":{"line":54,"column":1}},"14":{"start":{"line":25,"column":58},"end":{"line":25,"column":81}},"15":{"start":{"line":27,"column":17},"end":{"line":27,"column":52}},"16":{"start":{"line":28,"column":18},"end":{"line":28,"column":23}},"17":{"start":{"line":29,"column":25},"end":{"line":29,"column":31}},"18":{"start":{"line":30,"column":22},"end":{"line":30,"column":28}},"19":{"start":{"line":32,"column":4},"end":{"line":50,"column":5}},"20":{"start":{"line":34,"column":27},"end":{"line":34,"column":71}},"21":{"start":{"line":35,"column":8},"end":{"line":39,"column":9}},"22":{"start":{"line":36,"column":12},"end":{"line":36,"column":26}},"23":{"start":{"line":37,"column":12},"end":{"line":37,"column":55}},"24":{"start":{"line":38,"column":12},"end":{"line":38,"column":63}},"25":{"start":{"line":41,"column":8},"end":{"line":41,"column":59}},"26":{"start":{"line":42,"column":8},"end":{"line":42,"column":52}},"27":{"start":{"line":43,"column":26},"end":{"line":43,"column":112}},"28":{"start":{"line":44,"column":28},"end":{"line":44,"column":80}},"29":{"start":{"line":45,"column":8},"end":{"line":45,"column":54}},"30":{"start":{"line":48,"column":8},"end":{"line":48,"column":69}},"31":{"start":{"line":49,"column":8},"end":{"line":49,"column":75}},"32":{"start":{"line":52,"column":4},"end":{"line":52,"column":36}},"33":{"start":{"line":56,"column":33},"end":{"line":60,"column":1}},"34":{"start":{"line":57,"column":58},"end":{"line":57,"column":79}},"35":{"start":{"line":58,"column":23},"end":{"line":58,"column":42}},"36":{"start":{"line":59,"column":4},"end":{"line":59,"column":72}},"37":{"start":{"line":62,"column":28},"end":{"line":71,"column":1}},"38":{"start":{"line":63,"column":62},"end":{"line":63,"column":74}},"39":{"start":{"line":65,"column":4},"end":{"line":70,"column":5}},"40":{"start":{"line":67,"column":12},"end":{"line":67,"column":64}},"41":{"start":{"line":69,"column":12},"end":{"line":69,"column":51}},"42":{"start":{"line":73,"column":25},"end":{"line":80,"column":1}},"43":{"start":{"line":74,"column":4},"end":{"line":79,"column":5}},"44":{"start":{"line":76,"column":12},"end":{"line":76,"column":61}},"45":{"start":{"line":78,"column":12},"end":{"line":78,"column":45}},"46":{"start":{"line":82,"column":34},"end":{"line":85,"column":1}},"47":{"start":{"line":83,"column":25},"end":{"line":83,"column":51}},"48":{"start":{"line":84,"column":4},"end":{"line":84,"column":38}},"49":{"start":{"line":89,"column":0},"end":{"line":97,"column":1}}},"fnMap":{"0":{"name":"(anonymous_0)","decl":{"start":{"line":7,"column":33},"end":{"line":7,"column":34}},"loc":{"start":{"line":7,"column":47},"end":{"line":16,"column":1}},"line":7},"1":{"name":"(anonymous_1)","decl":{"start":{"line":18,"column":27},"end":{"line":18,"column":28}},"loc":{"start":{"line":18,"column":39},"end":{"line":22,"column":1}},"line":18},"2":{"name":"(anonymous_2)","decl":{"start":{"line":24,"column":31},"end":{"line":24,"column":32}},"loc":{"start":{"line":24,"column":58},"end":{"line":54,"column":1}},"line":24},"3":{"name":"(anonymous_3)","decl":{"start":{"line":56,"column":33},"end":{"line":56,"column":34}},"loc":{"start":{"line":56,"column":45},"end":{"line":60,"column":1}},"line":56},"4":{"name":"(anonymous_4)","decl":{"start":{"line":62,"column":28},"end":{"line":62,"column":29}},"loc":{"start":{"line":62,"column":46},"end":{"line":71,"column":1}},"line":62},"5":{"name":"(anonymous_5)","decl":{"start":{"line":73,"column":25},"end":{"line":73,"column":26}},"loc":{"start":{"line":73,"column":36},"end":{"line":80,"column":1}},"line":73},"6":{"name":"(anonymous_6)","decl":{"start":{"line":82,"column":34},"end":{"line":82,"column":35}},"loc":{"start":{"line":82,"column":57},"end":{"line":85,"column":1}},"line":82}},"branchMap":{"0":{"loc":{"start":{"line":9,"column":4},"end":{"line":11,"column":5}},"type":"if","locations":[{"start":{"line":9,"column":4},"end":{"line":11,"column":5}},{"start":{},"end":{}}],"line":9},"1":{"loc":{"start":{"line":21,"column":11},"end":{"line":21,"column":72}},"type":"cond-expr","locations":[{"start":{"line":21,"column":43},"end":{"line":21,"column":59}},{"start":{"line":21,"column":62},"end":{"line":21,"column":72}}],"line":21},"2":{"loc":{"start":{"line":32,"column":4},"end":{"line":50,"column":5}},"type":"if","locations":[{"start":{"line":32,"column":4},"end":{"line":50,"column":5}},{"start":{"line":47,"column":9},"end":{"line":50,"column":5}}],"line":32},"3":{"loc":{"start":{"line":35,"column":8},"end":{"line":39,"column":9}},"type":"if","locations":[{"start":{"line":35,"column":8},"end":{"line":39,"column":9}},{"start":{},"end":{}}],"line":35},"4":{"loc":{"start":{"line":43,"column":26},"end":{"line":43,"column":112}},"type":"binary-expr","locations":[{"start":{"line":43,"column":26},"end":{"line":43,"column":54}},{"start":{"line":43,"column":58},"end":{"line":43,"column":100}},{"start":{"line":43,"column":104},"end":{"line":43,"column":112}}],"line":43},"5":{"loc":{"start":{"line":44,"column":28},"end":{"line":44,"column":80}},"type":"cond-expr","locations":[{"start":{"line":44,"column":55},"end":{"line":44,"column":56}},{"start":{"line":44,"column":60},"end":{"line":44,"column":80}}],"line":44},"6":{"loc":{"start":{"line":45,"column":22},"end":{"line":45,"column":54}},"type":"cond-expr","locations":[{"start":{"line":45,"column":34},"end":{"line":45,"column":45}},{"start":{"line":45,"column":48},"end":{"line":45,"column":54}}],"line":45},"7":{"loc":{"start":{"line":49,"column":22},"end":{"line":49,"column":75}},"type":"cond-expr","locations":[{"start":{"line":49,"column":46},"end":{"line":49,"column":66}},{"start":{"line":49,"column":69},"end":{"line":49,"column":75}}],"line":49},"8":{"loc":{"start":{"line":59,"column":11},"end":{"line":59,"column":72}},"type":"cond-expr","locations":[{"start":{"line":59,"column":43},"end":{"line":59,"column":59}},{"start":{"line":59,"column":62},"end":{"line":59,"column":72}}],"line":59},"9":{"loc":{"start":{"line":65,"column":4},"end":{"line":70,"column":5}},"type":"switch","locations":[{"start":{"line":66,"column":8},"end":{"line":67,"column":64}},{"start":{"line":68,"column":8},"end":{"line":69,"column":51}}],"line":65},"10":{"loc":{"start":{"line":74,"column":4},"end":{"line":79,"column":5}},"type":"switch","locations":[{"start":{"line":75,"column":8},"end":{"line":76,"column":61}},{"start":{"line":77,"column":8},"end":{"line":78,"column":45}}],"line":74}},"s":{"0":1,"1":1,"2":1,"3":1,"4":1,"5":2,"6":1,"7":1,"8":1,"9":1,"10":5,"11":5,"12":5,"13":1,"14":9,"15":9,"16":9,"17":9,"18":9,"19":9,"20":7,"21":7,"22":5,"23":5,"24":5,"25":7,"26":7,"27":7,"28":7,"29":7,"30":2,"31":2,"32":9,"33":1,"34":4,"35":4,"36":4,"37":1,"38":5,"39":5,"40":3,"41":2,"42":1,"43":6,"44":3,"45":3,"46":1,"47":2,"48":2,"49":1},"f":{"0":2,"1":5,"2":9,"3":4,"4":5,"5":6,"6":2},"b":{"0":[1,1],"1":[1,4],"2":[7,2],"3":[5,2],"4":[7,6,1],"5":[7,0],"6":[0,7],"7":[1,1],"8":[1,3],"9":[3,2],"10":[3,3]},"_coverageSchema":"1a1c01bbd47fc00a2c39e90264f33305004495a9","hash":"d57ebc0a8b8048c60dcbdc498f2b68e77719b491"}
,"C:\\Users\\Mark Harji Mating\\Documents\\coding-exam\\configs.js": {"path":"C:\\Users\\Mark Harji Mating\\Documents\\coding-exam\\configs.js","statementMap":{"0":{"start":{"line":1,"column":21},"end":{"line":7,"column":1}},"1":{"start":{"line":9,"column":32},"end":{"line":15,"column":1}},"2":{"start":{"line":17,"column":30},"end":{"line":23,"column":1}},"3":{"start":{"line":25,"column":25},"end":{"line":30,"column":1}},"4":{"start":{"line":33,"column":0},"end":{"line":38,"column":1}}},"fnMap":{},"branchMap":{},"s":{"0":1,"1":1,"2":1,"3":1,"4":1},"f":{},"b":{},"_coverageSchema":"1a1c01bbd47fc00a2c39e90264f33305004495a9","hash":"82debc19e5694910dade09612cf06a8142649ba5"}
}
