TN:
SF:computations.js
FN:7,(anonymous_0)
FN:18,(anonymous_1)
FN:24,(anonymous_2)
FN:56,(anonymous_3)
FN:62,(anonymous_4)
FN:73,(anonymous_5)
FN:82,(anonymous_6)
FNF:7
FNH:7
FNDA:2,(anonymous_0)
FNDA:5,(anonymous_1)
FNDA:9,(anonymous_2)
FNDA:4,(anonymous_3)
FNDA:5,(anonymous_4)
FNDA:6,(anonymous_5)
FNDA:2,(anonymous_6)
DA:1,1
DA:2,1
DA:3,1
DA:5,1
DA:7,1
DA:9,2
DA:10,1
DA:14,1
DA:15,1
DA:18,1
DA:19,5
DA:20,5
DA:21,5
DA:24,1
DA:25,9
DA:27,9
DA:28,9
DA:29,9
DA:30,9
DA:32,9
DA:34,7
DA:35,7
DA:36,5
DA:37,5
DA:38,5
DA:41,7
DA:42,7
DA:43,7
DA:44,7
DA:45,7
DA:48,2
DA:49,2
DA:52,9
DA:56,1
DA:57,4
DA:58,4
DA:59,4
DA:62,1
DA:63,5
DA:65,5
DA:67,3
DA:69,2
DA:73,1
DA:74,6
DA:76,3
DA:78,3
DA:82,1
DA:83,2
DA:84,2
DA:89,1
LF:50
LH:50
BRDA:9,0,0,1
BRDA:9,0,1,1
BRDA:21,1,0,1
BRDA:21,1,1,4
BRDA:32,2,0,7
BRDA:32,2,1,2
BRDA:35,3,0,5
BRDA:35,3,1,2
BRDA:43,4,0,7
BRDA:43,4,1,6
BRDA:43,4,2,1
BRDA:44,5,0,7
BRDA:44,5,1,0
BRDA:45,6,0,0
BRDA:45,6,1,7
BRDA:49,7,0,1
BRDA:49,7,1,1
BRDA:59,8,0,1
BRDA:59,8,1,3
BRDA:65,9,0,3
BRDA:65,9,1,2
BRDA:74,10,0,3
BRDA:74,10,1,3
BRF:23
BRH:21
end_of_record
TN:
SF:configs.js
FNF:0
FNH:0
DA:1,1
DA:9,1
DA:17,1
DA:25,1
DA:33,1
LF:5
LH:5
BRF:0
BRH:0
end_of_record
