TN:
SF:computations.js
FN:7,(anonymous_0)
FN:18,(anonymous_1)
FN:24,(anonymous_2)
FN:58,(anonymous_3)
FN:64,(anonymous_4)
FN:75,(anonymous_5)
FN:84,(anonymous_6)
FNF:7
FNH:7
FNDA:2,(anonymous_0)
FNDA:5,(anonymous_1)
FNDA:9,(anonymous_2)
FNDA:4,(anonymous_3)
FNDA:5,(anonymous_4)
FNDA:6,(anonymous_5)
FNDA:2,(anonymous_6)
DA:1,1
DA:2,1
DA:3,1
DA:5,1
DA:7,1
DA:9,2
DA:10,1
DA:14,1
DA:15,1
DA:18,1
DA:19,5
DA:20,5
DA:21,5
DA:24,1
DA:25,9
DA:27,9
DA:28,9
DA:29,9
DA:30,9
DA:35,9
DA:37,7
DA:38,7
DA:39,5
DA:40,5
DA:41,5
DA:44,7
DA:45,7
DA:46,7
DA:47,7
DA:48,7
DA:50,2
DA:51,2
DA:54,9
DA:58,1
DA:59,4
DA:60,4
DA:61,4
DA:64,1
DA:65,5
DA:67,5
DA:69,3
DA:71,2
DA:75,1
DA:76,6
DA:78,3
DA:80,3
DA:84,1
DA:85,2
DA:86,2
DA:91,1
LF:50
LH:50
BRDA:9,0,0,1
BRDA:9,0,1,1
BRDA:21,1,0,1
BRDA:21,1,1,4
BRDA:35,2,0,7
BRDA:35,2,1,2
BRDA:38,3,0,5
BRDA:38,3,1,2
BRDA:46,4,0,7
BRDA:46,4,1,6
BRDA:46,4,2,1
BRDA:47,5,0,7
BRDA:47,5,1,0
BRDA:48,6,0,0
BRDA:48,6,1,7
BRDA:51,7,0,1
BRDA:51,7,1,1
BRDA:61,8,0,1
BRDA:61,8,1,3
BRDA:67,9,0,3
BRDA:67,9,1,2
BRDA:76,10,0,3
BRDA:76,10,1,3
BRF:23
BRH:21
end_of_record
TN:
SF:configs.js
FNF:0
FNH:0
DA:1,1
DA:9,1
DA:17,1
DA:25,1
DA:33,1
LF:5
LH:5
BRF:0
BRH:0
end_of_record
